2022-07-26 07:05:44,104 -  nornir.core -     INFO -        run() - Running task 'dev_info' with args {} on 13 hosts
2022-07-26 07:05:46,585 - nornir.core.task -    ERROR -      start() - Host '172.18.0.1': task 'dev_info' failed with traceback:
Traceback (most recent call last):
  File "/home/dansong/.local/lib/python3.8/site-packages/nornir/core/task.py", line 98, in start
    r = self.task(self, **self.params)
  File "nor-temp-pbi.py", line 73, in dev_info
    requests.post(url=pbi_url, data=json.dumps(Payload))
  File "/usr/lib/python3.8/json/__init__.py", line 231, in dumps
    return _default_encoder.encode(obj)
  File "/usr/lib/python3.8/json/encoder.py", line 199, in encode
    chunks = self.iterencode(o, _one_shot=True)
  File "/usr/lib/python3.8/json/encoder.py", line 257, in iterencode
    return _iterencode(o, 0)
  File "/home/dansong/.local/lib/python3.8/site-packages/jnpr/junos/factory/to_json.py", line 74, in default
    obj = super(PyEzJSONEncoder, self).default(obj)
  File "/usr/lib/python3.8/json/encoder.py", line 179, in default
    raise TypeError(f'Object of type {o.__class__.__name__} '
TypeError: Object of type ABCMeta is not JSON serializable

2022-07-26 07:05:47,984 - nornir.core.task -    ERROR -      start() - Host '172.18.0.70': task 'dev_info' failed with traceback:
Traceback (most recent call last):
  File "/home/dansong/.local/lib/python3.8/site-packages/nornir/core/task.py", line 98, in start
    r = self.task(self, **self.params)
  File "nor-temp-pbi.py", line 73, in dev_info
    requests.post(url=pbi_url, data=json.dumps(Payload))
  File "/usr/lib/python3.8/json/__init__.py", line 231, in dumps
    return _default_encoder.encode(obj)
  File "/usr/lib/python3.8/json/encoder.py", line 199, in encode
    chunks = self.iterencode(o, _one_shot=True)
  File "/usr/lib/python3.8/json/encoder.py", line 257, in iterencode
    return _iterencode(o, 0)
  File "/home/dansong/.local/lib/python3.8/site-packages/jnpr/junos/factory/to_json.py", line 74, in default
    obj = super(PyEzJSONEncoder, self).default(obj)
  File "/usr/lib/python3.8/json/encoder.py", line 179, in default
    raise TypeError(f'Object of type {o.__class__.__name__} '
TypeError: Object of type ABCMeta is not JSON serializable

2022-07-26 07:05:49,372 - nornir.core.task -    ERROR -      start() - Host '172.18.0.75': task 'dev_info' failed with traceback:
Traceback (most recent call last):
  File "/home/dansong/.local/lib/python3.8/site-packages/nornir/core/task.py", line 98, in start
    r = self.task(self, **self.params)
  File "nor-temp-pbi.py", line 73, in dev_info
    requests.post(url=pbi_url, data=json.dumps(Payload))
  File "/usr/lib/python3.8/json/__init__.py", line 231, in dumps
    return _default_encoder.encode(obj)
  File "/usr/lib/python3.8/json/encoder.py", line 199, in encode
    chunks = self.iterencode(o, _one_shot=True)
  File "/usr/lib/python3.8/json/encoder.py", line 257, in iterencode
    return _iterencode(o, 0)
  File "/home/dansong/.local/lib/python3.8/site-packages/jnpr/junos/factory/to_json.py", line 74, in default
    obj = super(PyEzJSONEncoder, self).default(obj)
  File "/usr/lib/python3.8/json/encoder.py", line 179, in default
    raise TypeError(f'Object of type {o.__class__.__name__} '
TypeError: Object of type ABCMeta is not JSON serializable

2022-07-26 07:05:50,749 - nornir.core.task -    ERROR -      start() - Host '172.18.0.11': task 'dev_info' failed with traceback:
Traceback (most recent call last):
  File "/home/dansong/.local/lib/python3.8/site-packages/nornir/core/task.py", line 98, in start
    r = self.task(self, **self.params)
  File "nor-temp-pbi.py", line 73, in dev_info
    requests.post(url=pbi_url, data=json.dumps(Payload))
  File "/usr/lib/python3.8/json/__init__.py", line 231, in dumps
    return _default_encoder.encode(obj)
  File "/usr/lib/python3.8/json/encoder.py", line 199, in encode
    chunks = self.iterencode(o, _one_shot=True)
  File "/usr/lib/python3.8/json/encoder.py", line 257, in iterencode
    return _iterencode(o, 0)
  File "/home/dansong/.local/lib/python3.8/site-packages/jnpr/junos/factory/to_json.py", line 74, in default
    obj = super(PyEzJSONEncoder, self).default(obj)
  File "/usr/lib/python3.8/json/encoder.py", line 179, in default
    raise TypeError(f'Object of type {o.__class__.__name__} '
TypeError: Object of type ABCMeta is not JSON serializable

2022-07-26 07:05:52,144 - nornir.core.task -    ERROR -      start() - Host '172.18.0.21': task 'dev_info' failed with traceback:
Traceback (most recent call last):
  File "/home/dansong/.local/lib/python3.8/site-packages/nornir/core/task.py", line 98, in start
    r = self.task(self, **self.params)
  File "nor-temp-pbi.py", line 73, in dev_info
    requests.post(url=pbi_url, data=json.dumps(Payload))
  File "/usr/lib/python3.8/json/__init__.py", line 231, in dumps
    return _default_encoder.encode(obj)
  File "/usr/lib/python3.8/json/encoder.py", line 199, in encode
    chunks = self.iterencode(o, _one_shot=True)
  File "/usr/lib/python3.8/json/encoder.py", line 257, in iterencode
    return _iterencode(o, 0)
  File "/home/dansong/.local/lib/python3.8/site-packages/jnpr/junos/factory/to_json.py", line 74, in default
    obj = super(PyEzJSONEncoder, self).default(obj)
  File "/usr/lib/python3.8/json/encoder.py", line 179, in default
    raise TypeError(f'Object of type {o.__class__.__name__} '
TypeError: Object of type ABCMeta is not JSON serializable

2022-07-26 07:05:53,531 - nornir.core.task -    ERROR -      start() - Host '172.18.0.50': task 'dev_info' failed with traceback:
Traceback (most recent call last):
  File "/home/dansong/.local/lib/python3.8/site-packages/nornir/core/task.py", line 98, in start
    r = self.task(self, **self.params)
  File "nor-temp-pbi.py", line 73, in dev_info
    requests.post(url=pbi_url, data=json.dumps(Payload))
  File "/usr/lib/python3.8/json/__init__.py", line 231, in dumps
    return _default_encoder.encode(obj)
  File "/usr/lib/python3.8/json/encoder.py", line 199, in encode
    chunks = self.iterencode(o, _one_shot=True)
  File "/usr/lib/python3.8/json/encoder.py", line 257, in iterencode
    return _iterencode(o, 0)
  File "/home/dansong/.local/lib/python3.8/site-packages/jnpr/junos/factory/to_json.py", line 74, in default
    obj = super(PyEzJSONEncoder, self).default(obj)
  File "/usr/lib/python3.8/json/encoder.py", line 179, in default
    raise TypeError(f'Object of type {o.__class__.__name__} '
TypeError: Object of type ABCMeta is not JSON serializable

2022-07-26 07:05:54,933 - nornir.core.task -    ERROR -      start() - Host '172.18.0.55': task 'dev_info' failed with traceback:
Traceback (most recent call last):
  File "/home/dansong/.local/lib/python3.8/site-packages/nornir/core/task.py", line 98, in start
    r = self.task(self, **self.params)
  File "nor-temp-pbi.py", line 73, in dev_info
    requests.post(url=pbi_url, data=json.dumps(Payload))
  File "/usr/lib/python3.8/json/__init__.py", line 231, in dumps
    return _default_encoder.encode(obj)
  File "/usr/lib/python3.8/json/encoder.py", line 199, in encode
    chunks = self.iterencode(o, _one_shot=True)
  File "/usr/lib/python3.8/json/encoder.py", line 257, in iterencode
    return _iterencode(o, 0)
  File "/home/dansong/.local/lib/python3.8/site-packages/jnpr/junos/factory/to_json.py", line 74, in default
    obj = super(PyEzJSONEncoder, self).default(obj)
  File "/usr/lib/python3.8/json/encoder.py", line 179, in default
    raise TypeError(f'Object of type {o.__class__.__name__} '
TypeError: Object of type ABCMeta is not JSON serializable

2022-07-26 07:05:56,303 - nornir.core.task -    ERROR -      start() - Host '172.18.0.60': task 'dev_info' failed with traceback:
Traceback (most recent call last):
  File "/home/dansong/.local/lib/python3.8/site-packages/nornir/core/task.py", line 98, in start
    r = self.task(self, **self.params)
  File "nor-temp-pbi.py", line 73, in dev_info
    requests.post(url=pbi_url, data=json.dumps(Payload))
  File "/usr/lib/python3.8/json/__init__.py", line 231, in dumps
    return _default_encoder.encode(obj)
  File "/usr/lib/python3.8/json/encoder.py", line 199, in encode
    chunks = self.iterencode(o, _one_shot=True)
  File "/usr/lib/python3.8/json/encoder.py", line 257, in iterencode
    return _iterencode(o, 0)
  File "/home/dansong/.local/lib/python3.8/site-packages/jnpr/junos/factory/to_json.py", line 74, in default
    obj = super(PyEzJSONEncoder, self).default(obj)
  File "/usr/lib/python3.8/json/encoder.py", line 179, in default
    raise TypeError(f'Object of type {o.__class__.__name__} '
TypeError: Object of type ABCMeta is not JSON serializable

2022-07-26 07:05:57,727 - nornir.core.task -    ERROR -      start() - Host '172.18.0.65': task 'dev_info' failed with traceback:
Traceback (most recent call last):
  File "/home/dansong/.local/lib/python3.8/site-packages/nornir/core/task.py", line 98, in start
    r = self.task(self, **self.params)
  File "nor-temp-pbi.py", line 73, in dev_info
    requests.post(url=pbi_url, data=json.dumps(Payload))
  File "/usr/lib/python3.8/json/__init__.py", line 231, in dumps
    return _default_encoder.encode(obj)
  File "/usr/lib/python3.8/json/encoder.py", line 199, in encode
    chunks = self.iterencode(o, _one_shot=True)
  File "/usr/lib/python3.8/json/encoder.py", line 257, in iterencode
    return _iterencode(o, 0)
  File "/home/dansong/.local/lib/python3.8/site-packages/jnpr/junos/factory/to_json.py", line 74, in default
    obj = super(PyEzJSONEncoder, self).default(obj)
  File "/usr/lib/python3.8/json/encoder.py", line 179, in default
    raise TypeError(f'Object of type {o.__class__.__name__} '
TypeError: Object of type ABCMeta is not JSON serializable

2022-07-26 07:05:59,133 - nornir.core.task -    ERROR -      start() - Host '172.18.0.31': task 'dev_info' failed with traceback:
Traceback (most recent call last):
  File "/home/dansong/.local/lib/python3.8/site-packages/nornir/core/task.py", line 98, in start
    r = self.task(self, **self.params)
  File "nor-temp-pbi.py", line 73, in dev_info
    requests.post(url=pbi_url, data=json.dumps(Payload))
  File "/usr/lib/python3.8/json/__init__.py", line 231, in dumps
    return _default_encoder.encode(obj)
  File "/usr/lib/python3.8/json/encoder.py", line 199, in encode
    chunks = self.iterencode(o, _one_shot=True)
  File "/usr/lib/python3.8/json/encoder.py", line 257, in iterencode
    return _iterencode(o, 0)
  File "/home/dansong/.local/lib/python3.8/site-packages/jnpr/junos/factory/to_json.py", line 74, in default
    obj = super(PyEzJSONEncoder, self).default(obj)
  File "/usr/lib/python3.8/json/encoder.py", line 179, in default
    raise TypeError(f'Object of type {o.__class__.__name__} '
TypeError: Object of type ABCMeta is not JSON serializable

2022-07-26 07:06:00,513 - nornir.core.task -    ERROR -      start() - Host '172.18.0.80': task 'dev_info' failed with traceback:
Traceback (most recent call last):
  File "/home/dansong/.local/lib/python3.8/site-packages/nornir/core/task.py", line 98, in start
    r = self.task(self, **self.params)
  File "nor-temp-pbi.py", line 73, in dev_info
    requests.post(url=pbi_url, data=json.dumps(Payload))
  File "/usr/lib/python3.8/json/__init__.py", line 231, in dumps
    return _default_encoder.encode(obj)
  File "/usr/lib/python3.8/json/encoder.py", line 199, in encode
    chunks = self.iterencode(o, _one_shot=True)
  File "/usr/lib/python3.8/json/encoder.py", line 257, in iterencode
    return _iterencode(o, 0)
  File "/home/dansong/.local/lib/python3.8/site-packages/jnpr/junos/factory/to_json.py", line 74, in default
    obj = super(PyEzJSONEncoder, self).default(obj)
  File "/usr/lib/python3.8/json/encoder.py", line 179, in default
    raise TypeError(f'Object of type {o.__class__.__name__} '
TypeError: Object of type ABCMeta is not JSON serializable

2022-07-26 07:06:01,957 - nornir.core.task -    ERROR -      start() - Host '172.18.0.85': task 'dev_info' failed with traceback:
Traceback (most recent call last):
  File "/home/dansong/.local/lib/python3.8/site-packages/nornir/core/task.py", line 98, in start
    r = self.task(self, **self.params)
  File "nor-temp-pbi.py", line 73, in dev_info
    requests.post(url=pbi_url, data=json.dumps(Payload))
  File "/usr/lib/python3.8/json/__init__.py", line 231, in dumps
    return _default_encoder.encode(obj)
  File "/usr/lib/python3.8/json/encoder.py", line 199, in encode
    chunks = self.iterencode(o, _one_shot=True)
  File "/usr/lib/python3.8/json/encoder.py", line 257, in iterencode
    return _iterencode(o, 0)
  File "/home/dansong/.local/lib/python3.8/site-packages/jnpr/junos/factory/to_json.py", line 74, in default
    obj = super(PyEzJSONEncoder, self).default(obj)
  File "/usr/lib/python3.8/json/encoder.py", line 179, in default
    raise TypeError(f'Object of type {o.__class__.__name__} '
TypeError: Object of type ABCMeta is not JSON serializable

2022-07-26 07:06:03,473 - nornir.core.task -    ERROR -      start() - Host '172.18.0.90': task 'dev_info' failed with traceback:
Traceback (most recent call last):
  File "/home/dansong/.local/lib/python3.8/site-packages/nornir/core/task.py", line 98, in start
    r = self.task(self, **self.params)
  File "nor-temp-pbi.py", line 73, in dev_info
    requests.post(url=pbi_url, data=json.dumps(Payload))
  File "/usr/lib/python3.8/json/__init__.py", line 231, in dumps
    return _default_encoder.encode(obj)
  File "/usr/lib/python3.8/json/encoder.py", line 199, in encode
    chunks = self.iterencode(o, _one_shot=True)
  File "/usr/lib/python3.8/json/encoder.py", line 257, in iterencode
    return _iterencode(o, 0)
  File "/home/dansong/.local/lib/python3.8/site-packages/jnpr/junos/factory/to_json.py", line 74, in default
    obj = super(PyEzJSONEncoder, self).default(obj)
  File "/usr/lib/python3.8/json/encoder.py", line 179, in default
    raise TypeError(f'Object of type {o.__class__.__name__} '
TypeError: Object of type ABCMeta is not JSON serializable

